#
# There is insufficient memory for the Java Runtime Environment to continue.
# Native memory allocation (malloc) failed to allocate 749456 bytes for Chunk::new
# Possible reasons:
#   The system is out of physical RAM or swap space
#   The process is running with CompressedOops enabled, and the Java Heap may be blocking the growth of the native heap
# Possible solutions:
#   Reduce memory load on the system
#   Increase physical memory or swap space
#   Check if swap backing store is full
#   Decrease Java heap size (-Xmx/-Xms)
#   Decrease number of Java threads
#   Decrease Java thread stack sizes (-Xss)
#   Set larger code cache with -XX:ReservedCodeCacheSize=
#   JVM is running with Zero Based Compressed Oops mode in which the Java heap is
#     placed in the first 32GB address space. The Java Heap base address is the
#     maximum limit for the native heap growth. Please use -XX:HeapBaseMinAddress
#     to set the Java Heap base and to place the Java Heap above 32GB virtual address.
# This output file may be truncated or incomplete.
#
#  Out of Memory Error (arena.cpp:189), pid=46912, tid=46960
#
# JRE version: OpenJDK Runtime Environment Temurin-17.0.4.1+1 (17.0.4.1+1) (build 17.0.4.1+1)
# Java VM: OpenJDK 64-Bit Server VM Temurin-17.0.4.1+1 (17.0.4.1+1, mixed mode, tiered, compressed oops, compressed class ptrs, g1 gc, windows-amd64)
# No core dump will be written. Minidumps are not enabled by default on client versions of Windows
#

---------------  S U M M A R Y ------------

Command Line: -Dfile.encoding=UTF-8 -XX:+ShowCodeDetailsInExceptionMessages rahulshettyacademy.SeleniumFrameworkDesign.SubmitOrderTest

Host: AMD Ryzen 7 5700G with Radeon Graphics         , 16 cores, 15G,  Windows 11 , 64 bit Build 22000 (10.0.22000.1335)
Time: Mon Jan 30 14:42:58 2023 Central Standard Time elapsed time: 0.414332 seconds (0d 0h 0m 0s)

---------------  T H R E A D  ---------------

Current thread (0x000001d24b4970c0):  JavaThread "C2 CompilerThread0" daemon [_thread_in_native, id=46960, stack(0x00000070e2300000,0x00000070e2400000)]


Current CompileTask:
C2:    414  788   !   4       jdk.internal.loader.URLClassPath$JarLoader::getResource (65 bytes)

Stack: [0x00000070e2300000,0x00000070e2400000]
Native frames: (J=compiled Java code, j=interpreted, Vv=VM code, C=native code)
V  [jvm.dll+0x67731a]
V  [jvm.dll+0x832284]
V  [jvm.dll+0x833a2e]
V  [jvm.dll+0x834093]
V  [jvm.dll+0x245775]
V  [jvm.dll+0xabd7b]
V  [jvm.dll+0xac30c]
V  [jvm.dll+0x363a42]
V  [jvm.dll+0x32e011]
V  [jvm.dll+0x32d4ba]
V  [jvm.dll+0x218681]
V  [jvm.dll+0x217aa1]
V  [jvm.dll+0x1a3f8d]
V  [jvm.dll+0x227498]
V  [jvm.dll+0x2255e5]
V  [jvm.dll+0x7e7e9b]
V  [jvm.dll+0x7e240a]
V  [jvm.dll+0x6761a5]
C  [ucrtbase.dll+0x26c0c]
C  [KERNEL32.DLL+0x155a0]
C  [ntdll.dll+0x485b]


---------------  P R O C E S S  ---------------

Threads class SMR info:
_java_thread_list=0x000001d24b5131d0, length=12, elements={
0x000001d22b6600a0, 0x000001d24b432100, 0x000001d24b433250, 0x000001d24b47d7d0,
0x000001d24b47e090, 0x000001d24b47f1e0, 0x000001d24b481070, 0x000001d24b4970c0,
0x000001d24b499170, 0x000001d24b4ab240, 0x000001d24b616140, 0x000001d24b628440
}

Java Threads: ( => current thread )
  0x000001d22b6600a0 JavaThread "main" [_thread_in_native, id=46448, stack(0x00000070e1600000,0x00000070e1700000)]
  0x000001d24b432100 JavaThread "Reference Handler" daemon [_thread_blocked, id=40068, stack(0x00000070e1d00000,0x00000070e1e00000)]
  0x000001d24b433250 JavaThread "Finalizer" daemon [_thread_blocked, id=45712, stack(0x00000070e1e00000,0x00000070e1f00000)]
  0x000001d24b47d7d0 JavaThread "Signal Dispatcher" daemon [_thread_blocked, id=39080, stack(0x00000070e1f00000,0x00000070e2000000)]
  0x000001d24b47e090 JavaThread "Attach Listener" daemon [_thread_blocked, id=46376, stack(0x00000070e2000000,0x00000070e2100000)]
  0x000001d24b47f1e0 JavaThread "Service Thread" daemon [_thread_blocked, id=47560, stack(0x00000070e2100000,0x00000070e2200000)]
  0x000001d24b481070 JavaThread "Monitor Deflation Thread" daemon [_thread_blocked, id=44996, stack(0x00000070e2200000,0x00000070e2300000)]
=>0x000001d24b4970c0 JavaThread "C2 CompilerThread0" daemon [_thread_in_native, id=46960, stack(0x00000070e2300000,0x00000070e2400000)]
  0x000001d24b499170 JavaThread "C1 CompilerThread0" daemon [_thread_blocked, id=44084, stack(0x00000070e2400000,0x00000070e2500000)]
  0x000001d24b4ab240 JavaThread "Sweeper thread" daemon [_thread_blocked, id=46336, stack(0x00000070e2500000,0x00000070e2600000)]
  0x000001d24b616140 JavaThread "Notification Thread" daemon [_thread_blocked, id=46172, stack(0x00000070e2600000,0x00000070e2700000)]
  0x000001d24b628440 JavaThread "Common-Cleaner" daemon [_thread_blocked, id=48012, stack(0x00000070e2800000,0x00000070e2900000)]

Other Threads:
  0x000001d24a887840 VMThread "VM Thread" [stack: 0x00000070e1c00000,0x00000070e1d00000] [id=42008]
  0x000001d24b61bf00 WatcherThread [stack: 0x00000070e2700000,0x00000070e2800000] [id=46584]
  0x000001d22b6ca190 GCTaskThread "GC Thread#0" [stack: 0x00000070e1700000,0x00000070e1800000] [id=46464]
  0x000001d22b6dafe0 ConcurrentGCThread "G1 Main Marker" [stack: 0x00000070e1800000,0x00000070e1900000] [id=40896]
  0x000001d22b6dd900 ConcurrentGCThread "G1 Conc#0" [stack: 0x00000070e1900000,0x00000070e1a00000] [id=44844]
  0x000001d22b72e940 ConcurrentGCThread "G1 Refine#0" [stack: 0x00000070e1a00000,0x00000070e1b00000] [id=47400]
  0x000001d24a73c520 ConcurrentGCThread "G1 Service" [stack: 0x00000070e1b00000,0x00000070e1c00000] [id=47212]

Threads with active compile tasks:
C2 CompilerThread0      438  788   !   4       jdk.internal.loader.URLClassPath$JarLoader::getResource (65 bytes)

VM state: not at safepoint (normal execution)

VM Mutex/Monitor currently owned by a thread: None

Heap address: 0x0000000709e00000, size: 3938 MB, Compressed Oops mode: Zero based, Oop shift amount: 3

CDS archive(s) not mapped
Compressed class space mapped at: 0x0000000800000000-0x0000000840000000, reserved size: 1073741824
Narrow klass base: 0x0000000800000000, Narrow klass shift: 0, Narrow klass range: 0x40000000

GC Precious Log:
 CPUs: 16 total, 16 available
 Memory: 15748M
 Large Page Support: Disabled
 NUMA Support: Disabled
 Compressed Oops: Enabled (Zero based)
 Heap Region Size: 2M
 Heap Min Capacity: 8M
 Heap Initial Capacity: 248M
 Heap Max Capacity: 3938M
 Pre-touch: Disabled
 Parallel Workers: 13
 Concurrent Workers: 3
 Concurrent Refinement Workers: 13
 Periodic GC: Disabled

Heap:
 garbage-first heap   total 253952K, used 16384K [0x0000000709e00000, 0x0000000800000000)
  region size 2048K, 10 young (20480K), 0 survivors (0K)
 Metaspace       used 11405K, committed 11584K, reserved 1064960K
  class space    used 1046K, committed 1152K, reserved 1048576K

Heap Regions: E=young(eden), S=young(survivor), O=old, HS=humongous(starts), HC=humongous(continues), CS=collection set, F=free, OA=open archive, CA=closed archive, TAMS=top-at-mark-start (previous, next)
|   0|0x0000000709e00000, 0x0000000709e00000, 0x000000070a000000|  0%| F|  |TAMS 0x0000000709e00000, 0x0000000709e00000| Untracked 
|   1|0x000000070a000000, 0x000000070a000000, 0x000000070a200000|  0%| F|  |TAMS 0x000000070a000000, 0x000000070a000000| Untracked 
|   2|0x000000070a200000, 0x000000070a200000, 0x000000070a400000|  0%| F|  |TAMS 0x000000070a200000, 0x000000070a200000| Untracked 
|   3|0x000000070a400000, 0x000000070a400000, 0x000000070a600000|  0%| F|  |TAMS 0x000000070a400000, 0x000000070a400000| Untracked 
|   4|0x000000070a600000, 0x000000070a600000, 0x000000070a800000|  0%| F|  |TAMS 0x000000070a600000, 0x000000070a600000| Untracked 
|   5|0x000000070a800000, 0x000000070a800000, 0x000000070aa00000|  0%| F|  |TAMS 0x000000070a800000, 0x000000070a800000| Untracked 
|   6|0x000000070aa00000, 0x000000070aa00000, 0x000000070ac00000|  0%| F|  |TAMS 0x000000070aa00000, 0x000000070aa00000| Untracked 
|   7|0x000000070ac00000, 0x000000070ac00000, 0x000000070ae00000|  0%| F|  |TAMS 0x000000070ac00000, 0x000000070ac00000| Untracked 
|   8|0x000000070ae00000, 0x000000070ae00000, 0x000000070b000000|  0%| F|  |TAMS 0x000000070ae00000, 0x000000070ae00000| Untracked 
|   9|0x000000070b000000, 0x000000070b000000, 0x000000070b200000|  0%| F|  |TAMS 0x000000070b000000, 0x000000070b000000| Untracked 
|  10|0x000000070b200000, 0x000000070b200000, 0x000000070b400000|  0%| F|  |TAMS 0x000000070b200000, 0x000000070b200000| Untracked 
|  11|0x000000070b400000, 0x000000070b400000, 0x000000070b600000|  0%| F|  |TAMS 0x000000070b400000, 0x000000070b400000| Untracked 
|  12|0x000000070b600000, 0x000000070b600000, 0x000000070b800000|  0%| F|  |TAMS 0x000000070b600000, 0x000000070b600000| Untracked 
|  13|0x000000070b800000, 0x000000070b800000, 0x000000070ba00000|  0%| F|  |TAMS 0x000000070b800000, 0x000000070b800000| Untracked 
|  14|0x000000070ba00000, 0x000000070ba00000, 0x000000070bc00000|  0%| F|  |TAMS 0x000000070ba00000, 0x000000070ba00000| Untracked 
|  15|0x000000070bc00000, 0x000000070bc00000, 0x000000070be00000|  0%| F|  |TAMS 0x000000070bc00000, 0x000000070bc00000| Untracked 
|  16|0x000000070be00000, 0x000000070be00000, 0x000000070c000000|  0%| F|  |TAMS 0x000000070be00000, 0x000000070be00000| Untracked 
|  17|0x000000070c000000, 0x000000070c000000, 0x000000070c200000|  0%| F|  |TAMS 0x000000070c000000, 0x000000070c000000| Untracked 
|  18|0x000000070c200000, 0x000000070c200000, 0x000000070c400000|  0%| F|  |TAMS 0x000000070c200000, 0x000000070c200000| Untracked 
|  19|0x000000070c400000, 0x000000070c400000, 0x000000070c600000|  0%| F|  |TAMS 0x000000070c400000, 0x000000070c400000| Untracked 
|  20|0x000000070c600000, 0x000000070c600000, 0x000000070c800000|  0%| F|  |TAMS 0x000000070c600000, 0x000000070c600000| Untracked 
|  21|0x000000070c800000, 0x000000070c800000, 0x000000070ca00000|  0%| F|  |TAMS 0x000000070c800000, 0x000000070c800000| Untracked 
|  22|0x000000070ca00000, 0x000000070ca00000, 0x000000070cc00000|  0%| F|  |TAMS 0x000000070ca00000, 0x000000070ca00000| Untracked 
|  23|0x000000070cc00000, 0x000000070cc00000, 0x000000070ce00000|  0%| F|  |TAMS 0x000000070cc00000, 0x000000070cc00000| Untracked 
|  24|0x000000070ce00000, 0x000000070ce00000, 0x000000070d000000|  0%| F|  |TAMS 0x000000070ce00000, 0x000000070ce00000| Untracked 
|  25|0x000000070d000000, 0x000000070d000000, 0x000000070d200000|  0%| F|  |TAMS 0x000000070d000000, 0x000000070d000000| Untracked 
|  26|0x000000070d200000, 0x000000070d200000, 0x000000070d400000|  0%| F|  |TAMS 0x000000070d200000, 0x000000070d200000| Untracked 
|  27|0x000000070d400000, 0x000000070d400000, 0x000000070d600000|  0%| F|  |TAMS 0x000000070d400000, 0x000000070d400000| Untracked 
|  28|0x000000070d600000, 0x000000070d600000, 0x000000070d800000|  0%| F|  |TAMS 0x000000070d600000, 0x000000070d600000| Untracked 
|  29|0x000000070d800000, 0x000000070d800000, 0x000000070da00000|  0%| F|  |TAMS 0x000000070d800000, 0x000000070d800000| Untracked 
|  30|0x000000070da00000, 0x000000070da00000, 0x000000070dc00000|  0%| F|  |TAMS 0x000000070da00000, 0x000000070da00000| Untracked 
|  31|0x000000070dc00000, 0x000000070dc00000, 0x000000070de00000|  0%| F|  |TAMS 0x000000070dc00000, 0x000000070dc00000| Untracked 
|  32|0x000000070de00000, 0x000000070de00000, 0x000000070e000000|  0%| F|  |TAMS 0x000000070de00000, 0x000000070de00000| Untracked 
|  33|0x000000070e000000, 0x000000070e000000, 0x000000070e200000|  0%| F|  |TAMS 0x000000070e000000, 0x000000070e000000| Untracked 
|  34|0x000000070e200000, 0x000000070e200000, 0x000000070e400000|  0%| F|  |TAMS 0x000000070e200000, 0x000000070e200000| Untracked 
|  35|0x000000070e400000, 0x000000070e400000, 0x000000070e600000|  0%| F|  |TAMS 0x000000070e400000, 0x000000070e400000| Untracked 
|  36|0x000000070e600000, 0x000000070e600000, 0x000000070e800000|  0%| F|  |TAMS 0x000000070e600000, 0x000000070e600000| Untracked 
|  37|0x000000070e800000, 0x000000070e800000, 0x000000070ea00000|  0%| F|  |TAMS 0x000000070e800000, 0x000000070e800000| Untracked 
|  38|0x000000070ea00000, 0x000000070ea00000, 0x000000070ec00000|  0%| F|  |TAMS 0x000000070ea00000, 0x000000070ea00000| Untracked 
|  39|0x000000070ec00000, 0x000000070ec00000, 0x000000070ee00000|  0%| F|  |TAMS 0x000000070ec00000, 0x000000070ec00000| Untracked 
|  40|0x000000070ee00000, 0x000000070ee00000, 0x000000070f000000|  0%| F|  |TAMS 0x000000070ee00000, 0x000000070ee00000| Untracked 
|  41|0x000000070f000000, 0x000000070f000000, 0x000000070f200000|  0%| F|  |TAMS 0x000000070f000000, 0x000000070f000000| Untracked 
|  42|0x000000070f200000, 0x000000070f200000, 0x000000070f400000|  0%| F|  |TAMS 0x000000070f200000, 0x000000070f200000| Untracked 
|  43|0x000000070f400000, 0x000000070f400000, 0x000000070f600000|  0%| F|  |TAMS 0x000000070f400000, 0x000000070f400000| Untracked 
|  44|0x000000070f600000, 0x000000070f600000, 0x000000070f800000|  0%| F|  |TAMS 0x000000070f600000, 0x000000070f600000| Untracked 
|  45|0x000000070f800000, 0x000000070f800000, 0x000000070fa00000|  0%| F|  |TAMS 0x000000070f800000, 0x000000070f800000| Untracked 
|  46|0x000000070fa00000, 0x000000070fa00000, 0x000000070fc00000|  0%| F|  |TAMS 0x000000070fa00000, 0x000000070fa00000| Untracked 
|  47|0x000000070fc00000, 0x000000070fc00000, 0x000000070fe00000|  0%| F|  |TAMS 0x000000070fc00000, 0x000000070fc00000| Untracked 
|  48|0x000000070fe00000, 0x000000070fe00000, 0x0000000710000000|  0%| F|  |TAMS 0x000000070fe00000, 0x000000070fe00000| Untracked 
|  49|0x0000000710000000, 0x0000000710000000, 0x0000000710200000|  0%| F|  |TAMS 0x0000000710000000, 0x0000000710000000| Untracked 
|  50|0x0000000710200000, 0x0000000710200000, 0x0000000710400000|  0%| F|  |TAMS 0x0000000710200000, 0x0000000710200000| Untracked 
|  51|0x0000000710400000, 0x0000000710400000, 0x0000000710600000|  0%| F|  |TAMS 0x0000000710400000, 0x0000000710400000| Untracked 
|  52|0x0000000710600000, 0x0000000710600000, 0x0000000710800000|  0%| F|  |TAMS 0x0000000710600000, 0x0000000710600000| Untracked 
|  53|0x0000000710800000, 0x0000000710800000, 0x0000000710a00000|  0%| F|  |TAMS 0x0000000710800000, 0x0000000710800000| Untracked 
|  54|0x0000000710a00000, 0x0000000710a00000, 0x0000000710c00000|  0%| F|  |TAMS 0x0000000710a00000, 0x0000000710a00000| Untracked 
|  55|0x0000000710c00000, 0x0000000710c00000, 0x0000000710e00000|  0%| F|  |TAMS 0x0000000710c00000, 0x0000000710c00000| Untracked 
|  56|0x0000000710e00000, 0x0000000710e00000, 0x0000000711000000|  0%| F|  |TAMS 0x0000000710e00000, 0x0000000710e00000| Untracked 
|  57|0x0000000711000000, 0x0000000711000000, 0x0000000711200000|  0%| F|  |TAMS 0x0000000711000000, 0x0000000711000000| Untracked 
|  58|0x0000000711200000, 0x0000000711200000, 0x0000000711400000|  0%| F|  |TAMS 0x0000000711200000, 0x0000000711200000| Untracked 
|  59|0x0000000711400000, 0x0000000711400000, 0x0000000711600000|  0%| F|  |TAMS 0x0000000711400000, 0x0000000711400000| Untracked 
|  60|0x0000000711600000, 0x0000000711600000, 0x0000000711800000|  0%| F|  |TAMS 0x0000000711600000, 0x0000000711600000| Untracked 
|  61|0x0000000711800000, 0x0000000711800000, 0x0000000711a00000|  0%| F|  |TAMS 0x0000000711800000, 0x0000000711800000| Untracked 
|  62|0x0000000711a00000, 0x0000000711a00000, 0x0000000711c00000|  0%| F|  |TAMS 0x0000000711a00000, 0x0000000711a00000| Untracked 
|  63|0x0000000711c00000, 0x0000000711c00000, 0x0000000711e00000|  0%| F|  |TAMS 0x0000000711c00000, 0x0000000711c00000| Untracked 
|  64|0x0000000711e00000, 0x0000000711e00000, 0x0000000712000000|  0%| F|  |TAMS 0x0000000711e00000, 0x0000000711e00000| Untracked 
|  65|0x0000000712000000, 0x0000000712000000, 0x0000000712200000|  0%| F|  |TAMS 0x0000000712000000, 0x0000000712000000| Untracked 
|  66|0x0000000712200000, 0x0000000712200000, 0x0000000712400000|  0%| F|  |TAMS 0x0000000712200000, 0x0000000712200000| Untracked 
|  67|0x0000000712400000, 0x0000000712400000, 0x0000000712600000|  0%| F|  |TAMS 0x0000000712400000, 0x0000000712400000| Untracked 
|  68|0x0000000712600000, 0x0000000712600000, 0x0000000712800000|  0%| F|  |TAMS 0x0000000712600000, 0x0000000712600000| Untracked 
|  69|0x0000000712800000, 0x0000000712800000, 0x0000000712a00000|  0%| F|  |TAMS 0x0000000712800000, 0x0000000712800000| Untracked 
|  70|0x0000000712a00000, 0x0000000712a00000, 0x0000000712c00000|  0%| F|  |TAMS 0x0000000712a00000, 0x0000000712a00000| Untracked 
|  71|0x0000000712c00000, 0x0000000712c00000, 0x0000000712e00000|  0%| F|  |TAMS 0x0000000712c00000, 0x0000000712c00000| Untracked 
|  72|0x0000000712e00000, 0x0000000712e00000, 0x0000000713000000|  0%| F|  |TAMS 0x0000000712e00000, 0x0000000712e00000| Untracked 
|  73|0x0000000713000000, 0x0000000713000000, 0x0000000713200000|  0%| F|  |TAMS 0x0000000713000000, 0x0000000713000000| Untracked 
|  74|0x0000000713200000, 0x0000000713200000, 0x0000000713400000|  0%| F|  |TAMS 0x0000000713200000, 0x0000000713200000| Untracked 
|  75|0x0000000713400000, 0x0000000713400000, 0x0000000713600000|  0%| F|  |TAMS 0x0000000713400000, 0x0000000713400000| Untracked 
|  76|0x0000000713600000, 0x0000000713600000, 0x0000000713800000|  0%| F|  |TAMS 0x0000000713600000, 0x0000000713600000| Untracked 
|  77|0x0000000713800000, 0x0000000713800000, 0x0000000713a00000|  0%| F|  |TAMS 0x0000000713800000, 0x0000000713800000| Untracked 
|  78|0x0000000713a00000, 0x0000000713a00000, 0x0000000713c00000|  0%| F|  |TAMS 0x0000000713a00000, 0x0000000713a00000| Untracked 
|  79|0x0000000713c00000, 0x0000000713c00000, 0x0000000713e00000|  0%| F|  |TAMS 0x0000000713c00000, 0x0000000713c00000| Untracked 
|  80|0x0000000713e00000, 0x0000000713e00000, 0x0000000714000000|  0%| F|  |TAMS 0x0000000713e00000, 0x0000000713e00000| Untracked 
|  81|0x0000000714000000, 0x0000000714000000, 0x0000000714200000|  0%| F|  |TAMS 0x0000000714000000, 0x0000000714000000| Untracked 
|  82|0x0000000714200000, 0x0000000714200000, 0x0000000714400000|  0%| F|  |TAMS 0x0000000714200000, 0x0000000714200000| Untracked 
|  83|0x0000000714400000, 0x0000000714400000, 0x0000000714600000|  0%| F|  |TAMS 0x0000000714400000, 0x0000000714400000| Untracked 
|  84|0x0000000714600000, 0x0000000714600000, 0x0000000714800000|  0%| F|  |TAMS 0x0000000714600000, 0x0000000714600000| Untracked 
|  85|0x0000000714800000, 0x0000000714800000, 0x0000000714a00000|  0%| F|  |TAMS 0x0000000714800000, 0x0000000714800000| Untracked 
|  86|0x0000000714a00000, 0x0000000714a00000, 0x0000000714c00000|  0%| F|  |TAMS 0x0000000714a00000, 0x0000000714a00000| Untracked 
|  87|0x0000000714c00000, 0x0000000714c00000, 0x0000000714e00000|  0%| F|  |TAMS 0x0000000714c00000, 0x0000000714c00000| Untracked 
|  88|0x0000000714e00000, 0x0000000714e00000, 0x0000000715000000|  0%| F|  |TAMS 0x0000000714e00000, 0x0000000714e00000| Untracked 
|  89|0x0000000715000000, 0x0000000715000000, 0x0000000715200000|  0%| F|  |TAMS 0x0000000715000000, 0x0000000715000000| Untracked 
|  90|0x0000000715200000, 0x0000000715200000, 0x0000000715400000|  0%| F|  |TAMS 0x0000000715200000, 0x0000000715200000| Untracked 
|  91|0x0000000715400000, 0x0000000715400000, 0x0000000715600000|  0%| F|  |TAMS 0x0000000715400000, 0x0000000715400000| Untracked 
|  92|0x0000000715600000, 0x0000000715600000, 0x0000000715800000|  0%| F|  |TAMS 0x0000000715600000, 0x0000000715600000| Untracked 
|  93|0x0000000715800000, 0x0000000715800000, 0x0000000715a00000|  0%| F|  |TAMS 0x0000000715800000, 0x0000000715800000| Untracked 
|  94|0x0000000715a00000, 0x0000000715a00000, 0x0000000715c00000|  0%| F|  |TAMS 0x0000000715a00000, 0x0000000715a00000| Untracked 
|  95|0x0000000715c00000, 0x0000000715c00000, 0x0000000715e00000|  0%| F|  |TAMS 0x0000000715c00000, 0x0000000715c00000| Untracked 
|  96|0x0000000715e00000, 0x0000000715e00000, 0x0000000716000000|  0%| F|  |TAMS 0x0000000715e00000, 0x0000000715e00000| Untracked 
|  97|0x0000000716000000, 0x0000000716000000, 0x0000000716200000|  0%| F|  |TAMS 0x0000000716000000, 0x0000000716000000| Untracked 
|  98|0x0000000716200000, 0x0000000716200000, 0x0000000716400000|  0%| F|  |TAMS 0x0000000716200000, 0x0000000716200000| Untracked 
|  99|0x0000000716400000, 0x0000000716400000, 0x0000000716600000|  0%| F|  |TAMS 0x0000000716400000, 0x0000000716400000| Untracked 
| 100|0x0000000716600000, 0x0000000716600000, 0x0000000716800000|  0%| F|  |TAMS 0x0000000716600000, 0x0000000716600000| Untracked 
| 101|0x0000000716800000, 0x0000000716800000, 0x0000000716a00000|  0%| F|  |TAMS 0x0000000716800000, 0x0000000716800000| Untracked 
| 102|0x0000000716a00000, 0x0000000716a00000, 0x0000000716c00000|  0%| F|  |TAMS 0x0000000716a00000, 0x0000000716a00000| Untracked 
| 103|0x0000000716c00000, 0x0000000716c00000, 0x0000000716e00000|  0%| F|  |TAMS 0x0000000716c00000, 0x0000000716c00000| Untracked 
| 104|0x0000000716e00000, 0x0000000716e00000, 0x0000000717000000|  0%| F|  |TAMS 0x0000000716e00000, 0x0000000716e00000| Untracked 
| 105|0x0000000717000000, 0x0000000717000000, 0x0000000717200000|  0%| F|  |TAMS 0x0000000717000000, 0x0000000717000000| Untracked 
| 106|0x0000000717200000, 0x0000000717200000, 0x0000000717400000|  0%| F|  |TAMS 0x0000000717200000, 0x0000000717200000| Untracked 
| 107|0x0000000717400000, 0x0000000717400000, 0x0000000717600000|  0%| F|  |TAMS 0x0000000717400000, 0x0000000717400000| Untracked 
| 108|0x0000000717600000, 0x0000000717600000, 0x0000000717800000|  0%| F|  |TAMS 0x0000000717600000, 0x0000000717600000| Untracked 
| 109|0x0000000717800000, 0x0000000717800000, 0x0000000717a00000|  0%| F|  |TAMS 0x0000000717800000, 0x0000000717800000| Untracked 
| 110|0x0000000717a00000, 0x0000000717a00000, 0x0000000717c00000|  0%| F|  |TAMS 0x0000000717a00000, 0x0000000717a00000| Untracked 
| 111|0x0000000717c00000, 0x0000000717c00000, 0x0000000717e00000|  0%| F|  |TAMS 0x0000000717c00000, 0x0000000717c00000| Untracked 
| 112|0x0000000717e00000, 0x0000000717e00000, 0x0000000718000000|  0%| F|  |TAMS 0x0000000717e00000, 0x0000000717e00000| Untracked 
| 113|0x0000000718000000, 0x0000000718000000, 0x0000000718200000|  0%| F|  |TAMS 0x0000000718000000, 0x0000000718000000| Untracked 
| 114|0x0000000718200000, 0x0000000718271268, 0x0000000718400000| 22%| E|  |TAMS 0x0000000718200000, 0x0000000718200000| Complete 
| 115|0x0000000718400000, 0x0000000718600000, 0x0000000718600000|100%| E|CS|TAMS 0x0000000718400000, 0x0000000718400000| Complete 
| 116|0x0000000718600000, 0x0000000718800000, 0x0000000718800000|100%| E|CS|TAMS 0x0000000718600000, 0x0000000718600000| Complete 
| 117|0x0000000718800000, 0x0000000718a00000, 0x0000000718a00000|100%| E|CS|TAMS 0x0000000718800000, 0x0000000718800000| Complete 
| 118|0x0000000718a00000, 0x0000000718c00000, 0x0000000718c00000|100%| E|CS|TAMS 0x0000000718a00000, 0x0000000718a00000| Complete 
| 119|0x0000000718c00000, 0x0000000718e00000, 0x0000000718e00000|100%| E|CS|TAMS 0x0000000718c00000, 0x0000000718c00000| Complete 
| 120|0x0000000718e00000, 0x0000000719000000, 0x0000000719000000|100%| E|CS|TAMS 0x0000000718e00000, 0x0000000718e00000| Complete 
| 121|0x0000000719000000, 0x0000000719200000, 0x0000000719200000|100%| E|  |TAMS 0x0000000719000000, 0x0000000719000000| Complete 
| 122|0x0000000719200000, 0x0000000719400000, 0x0000000719400000|100%| E|CS|TAMS 0x0000000719200000, 0x0000000719200000| Complete 
| 123|0x0000000719400000, 0x0000000719600000, 0x0000000719600000|100%| E|CS|TAMS 0x0000000719400000, 0x0000000719400000| Complete 

Card table byte_map: [0x000001d23ed60000,0x000001d23f520000] _byte_map_base: 0x000001d23b511000

Marking Bits (Prev, Next): (CMBitMap*) 0x000001d22b6ca7a0, (CMBitMap*) 0x000001d22b6ca7e0
 Prev Bits: [0x000001d23fce0000, 0x000001d243a68000)
 Next Bits: [0x000001d243a70000, 0x000001d2477f8000)

Polling page: 0x000001d22ae30000

Metaspace:

Usage:
  Non-class:     10.12 MB used.
      Class:      1.02 MB used.
       Both:     11.14 MB used.

Virtual space:
  Non-class space:       16.00 MB reserved,      10.19 MB ( 64%) committed,  2 nodes.
      Class space:        1.00 GB reserved,       1.12 MB ( <1%) committed,  1 nodes.
             Both:        1.02 GB reserved,      11.31 MB (  1%) committed. 

Chunk freelists:
   Non-Class:  1.00 MB
       Class:  2.75 MB
        Both:  3.75 MB

MaxMetaspaceSize: unlimited
CompressedClassSpaceSize: 1.00 GB
Initial GC threshold: 21.00 MB
Current GC threshold: 21.00 MB
CDS: off
MetaspaceReclaimPolicy: balanced
 - commit_granule_bytes: 65536.
 - commit_granule_words: 8192.
 - virtual_space_node_default_size: 1048576.
 - enlarge_chunks_in_place: 1.
 - new_chunks_are_fully_committed: 0.
 - uncommit_free_chunks: 1.
 - use_allocation_guard: 0.
 - handle_deallocations: 1.


Internal statistics:

num_allocs_failed_limit: 0.
num_arena_births: 36.
num_arena_deaths: 0.
num_vsnodes_births: 3.
num_vsnodes_deaths: 0.
num_space_committed: 181.
num_space_uncommitted: 0.
num_chunks_returned_to_freelist: 0.
num_chunks_taken_from_freelist: 113.
num_chunk_merges: 0.
num_chunk_splits: 54.
num_chunks_enlarged: 21.
num_purges: 0.
num_inconsistent_stats: 0.

CodeHeap 'non-profiled nmethods': size=119168Kb used=245Kb max_used=245Kb free=118922Kb
 bounds [0x000001d2368c0000, 0x000001d236b30000, 0x000001d23dd20000]
CodeHeap 'profiled nmethods': size=119104Kb used=1648Kb max_used=1648Kb free=117456Kb
 bounds [0x000001d22f470000, 0x000001d22f6e0000, 0x000001d2368c0000]
CodeHeap 'non-nmethods': size=7488Kb used=1143Kb max_used=1149Kb free=6344Kb
 bounds [0x000001d22ed20000, 0x000001d22ef90000, 0x000001d22f470000]
 total_blobs=1345 nmethods=915 adapters=343
 compilation: enabled
              stopped_count=0, restarted_count=0
 full_count=0

Compilation events (20 events):
Event: 0.410 Thread 0x000001d24b499170 nmethod 874 0x000001d22f5e5990 code [0x000001d22f5e5b40, 0x000001d22f5e5da8]
Event: 0.410 Thread 0x000001d24b499170  878       3       java.util.regex.Pattern$Start::match (90 bytes)
Event: 0.410 Thread 0x000001d24b499170 nmethod 878 0x000001d22f5e5f90 code [0x000001d22f5e6160, 0x000001d22f5e6568]
Event: 0.410 Thread 0x000001d24b499170  880       3       java.util.regex.Pattern::split (288 bytes)
Event: 0.411 Thread 0x000001d24b499170 nmethod 880 0x000001d22f5e6710 code [0x000001d22f5e6c20, 0x000001d22f5e9c08]
Event: 0.411 Thread 0x000001d24b499170  877       3       java.util.regex.Matcher::find (69 bytes)
Event: 0.411 Thread 0x000001d24b499170 nmethod 877 0x000001d22f5eac10 code [0x000001d22f5eadc0, 0x000001d22f5eb0c8]
Event: 0.411 Thread 0x000001d24b499170  879       3       java.util.regex.Pattern::split (7 bytes)
Event: 0.411 Thread 0x000001d24b499170 nmethod 879 0x000001d22f5eb210 code [0x000001d22f5eb3a0, 0x000001d22f5eb4e8]
Event: 0.411 Thread 0x000001d24b499170  884       3       sun.security.ssl.CipherSuite::supports (11 bytes)
Event: 0.411 Thread 0x000001d24b499170 nmethod 884 0x000001d22f5eb590 code [0x000001d22f5eb740, 0x000001d22f5eb928]
Event: 0.411 Thread 0x000001d24b499170  885       3       java.util.Arrays$ArrayList::contains (14 bytes)
Event: 0.411 Thread 0x000001d24b499170 nmethod 885 0x000001d22f5eba10 code [0x000001d22f5ebbc0, 0x000001d22f5ebd68]
Event: 0.411 Thread 0x000001d24b499170  886       3       java.util.regex.Matcher::<init> (95 bytes)
Event: 0.412 Thread 0x000001d24b499170 nmethod 886 0x000001d22f5ebe10 code [0x000001d22f5ebfe0, 0x000001d22f5ec648]
Event: 0.412 Thread 0x000001d24b499170  887   !   3       java.util.regex.Pattern::matcher (44 bytes)
Event: 0.412 Thread 0x000001d24b499170 nmethod 887 0x000001d22f5ec810 code [0x000001d22f5ec9c0, 0x000001d22f5ecd38]
Event: 0.412 Thread 0x000001d24b499170  883       3       java.util.ImmutableCollections$ListN::get (7 bytes)
Event: 0.412 Thread 0x000001d24b499170 nmethod 883 0x000001d22f5ece90 code [0x000001d22f5ed020, 0x000001d22f5ed158]
Event: 0.412 Thread 0x000001d24b499170  888       3       sun.security.ssl.SSLAlgorithmDecomposer::decomposes (533 bytes)

GC Heap History (0 events):
No events

Deoptimization events (20 events):
Event: 0.346 Thread 0x000001d22b6600a0 DEOPT PACKING pc=0x000001d22f5654be sp=0x00000070e16feaf0
Event: 0.346 Thread 0x000001d22b6600a0 DEOPT UNPACKING pc=0x000001d22ed72b43 sp=0x00000070e16fdf70 mode 0
Event: 0.347 Thread 0x000001d22b6600a0 DEOPT PACKING pc=0x000001d22f5654be sp=0x00000070e16feaf0
Event: 0.347 Thread 0x000001d22b6600a0 DEOPT UNPACKING pc=0x000001d22ed72b43 sp=0x00000070e16fdf70 mode 0
Event: 0.347 Thread 0x000001d22b6600a0 DEOPT PACKING pc=0x000001d22f5654be sp=0x00000070e16feaf0
Event: 0.347 Thread 0x000001d22b6600a0 DEOPT UNPACKING pc=0x000001d22ed72b43 sp=0x00000070e16fdf70 mode 0
Event: 0.348 Thread 0x000001d22b6600a0 DEOPT PACKING pc=0x000001d22f5654be sp=0x00000070e16feaf0
Event: 0.348 Thread 0x000001d22b6600a0 DEOPT UNPACKING pc=0x000001d22ed72b43 sp=0x00000070e16fdf70 mode 0
Event: 0.349 Thread 0x000001d22b6600a0 DEOPT PACKING pc=0x000001d22f5654be sp=0x00000070e16feb10
Event: 0.349 Thread 0x000001d22b6600a0 DEOPT UNPACKING pc=0x000001d22ed72b43 sp=0x00000070e16fdf90 mode 0
Event: 0.349 Thread 0x000001d22b6600a0 DEOPT PACKING pc=0x000001d22f5654be sp=0x00000070e16feb10
Event: 0.349 Thread 0x000001d22b6600a0 DEOPT UNPACKING pc=0x000001d22ed72b43 sp=0x00000070e16fdf90 mode 0
Event: 0.349 Thread 0x000001d22b6600a0 DEOPT PACKING pc=0x000001d22f5654be sp=0x00000070e16feaf0
Event: 0.349 Thread 0x000001d22b6600a0 DEOPT UNPACKING pc=0x000001d22ed72b43 sp=0x00000070e16fdf70 mode 0
Event: 0.350 Thread 0x000001d22b6600a0 DEOPT PACKING pc=0x000001d22f5654be sp=0x00000070e16feaf0
Event: 0.350 Thread 0x000001d22b6600a0 DEOPT UNPACKING pc=0x000001d22ed72b43 sp=0x00000070e16fdf70 mode 0
Event: 0.357 Thread 0x000001d22b6600a0 Uncommon trap: trap_request=0xffffff45 fr.pc=0x000001d2368e55f4 relative=0x00000000000003d4
Event: 0.357 Thread 0x000001d22b6600a0 Uncommon trap: reason=unstable_if action=reinterpret pc=0x000001d2368e55f4 method=java.lang.StringLatin1.newString([BII)Ljava/lang/String; @ 1 c2
Event: 0.357 Thread 0x000001d22b6600a0 DEOPT PACKING pc=0x000001d2368e55f4 sp=0x00000070e16fdb30
Event: 0.357 Thread 0x000001d22b6600a0 DEOPT UNPACKING pc=0x000001d22ed723a3 sp=0x00000070e16fdaf8 mode 2

Classes unloaded (0 events):
No events

Classes redefined (0 events):
No events

Internal exceptions (9 events):
Event: 0.226 Thread 0x000001d22b6600a0 Exception <a 'java/lang/NoClassDefFoundError'{0x0000000718c14570}: org/slf4j/impl/StaticLoggerBinder> (0x0000000718c14570) 
thrown [s\src\hotspot\share\classfile\systemDictionary.cpp, line 245]
Event: 0.239 Thread 0x000001d22b6600a0 Exception <a 'java/lang/NoSuchMethodError'{0x0000000718c6af30}: 'int java.lang.invoke.DirectMethodHandle$Holder.invokeSpecial(java.lang.Object, java.lang.Object, java.lang.Object)'> (0x0000000718c6af30) 
thrown [s\src\hotspot\share\interpreter\linkResolver.cpp, line 759]
Event: 0.373 Thread 0x000001d22b6600a0 Exception <a 'sun/nio/fs/WindowsException'{0x000000071846d078}> (0x000000071846d078) 
thrown [s\src\hotspot\share\prims\jni.cpp, line 516]
Event: 0.386 Thread 0x000001d22b6600a0 Exception <a 'java/lang/NoSuchMethodError'{0x000000071849b940}: 'int java.lang.invoke.DirectMethodHandle$Holder.invokeStaticInit(java.lang.Object, java.lang.Object, java.lang.Object, java.lang.Object)'> (0x000000071849b940) 
thrown [s\src\hotspot\share\interpreter\linkResolver.cpp, line 759]
Event: 0.387 Thread 0x000001d22b6600a0 Exception <a 'java/lang/NoSuchMethodError'{0x00000007184a5618}: 'java.lang.Object java.lang.invoke.DirectMethodHandle$Holder.invokeInterface(java.lang.Object, java.lang.Object)'> (0x00000007184a5618) 
thrown [s\src\hotspot\share\interpreter\linkResolver.cpp, line 759]
Event: 0.387 Thread 0x000001d22b6600a0 Exception <a 'java/lang/IncompatibleClassChangeError'{0x00000007184a8f38}: Found class java.lang.Object, but interface was expected> (0x00000007184a8f38) 
thrown [s\src\hotspot\share\interpreter\linkResolver.cpp, line 826]
Event: 0.388 Thread 0x000001d22b6600a0 Exception <a 'java/lang/NoSuchMethodError'{0x00000007184ac268}: 'void java.lang.invoke.DirectMethodHandle$Holder.invokeStatic(java.lang.Object, java.lang.Object)'> (0x00000007184ac268) 
thrown [s\src\hotspot\share\interpreter\linkResolver.cpp, line 759]
Event: 0.388 Thread 0x000001d22b6600a0 Exception <a 'java/lang/NoSuchMethodError'{0x00000007184afb80}: 'void java.lang.invoke.DirectMethodHandle$Holder.invokeStaticInit(java.lang.Object, java.lang.Object)'> (0x00000007184afb80) 
thrown [s\src\hotspot\share\interpreter\linkResolver.cpp, line 759]
Event: 0.390 Thread 0x000001d22b6600a0 Exception <a 'java/lang/NoSuchMethodError'{0x00000007184b7a00}: 'int java.lang.invoke.DirectMethodHandle$Holder.invokeStaticInit(java.lang.Object, java.lang.Object)'> (0x00000007184b7a00) 
thrown [s\src\hotspot\share\interpreter\linkResolver.cpp, line 759]

VM Operations (8 events):
Event: 0.154 Executing VM operation: HandshakeAllThreads
Event: 0.154 Executing VM operation: HandshakeAllThreads done
Event: 0.262 Executing VM operation: HandshakeAllThreads
Event: 0.262 Executing VM operation: HandshakeAllThreads done
Event: 0.265 Executing VM operation: HandshakeAllThreads
Event: 0.265 Executing VM operation: HandshakeAllThreads done
Event: 0.300 Executing VM operation: HandshakeAllThreads
Event: 0.300 Executing VM operation: HandshakeAllThreads done

Events (20 events):
Event: 0.405 loading class java/security/MessageDigest$Delegate$CloneableDelegate
Event: 0.405 loading class java/security/MessageDigest$Delegate$CloneableDelegate done
Event: 0.405 loading class java/security/Signature$Delegate
Event: 0.405 loading class java/security/Signature$Delegate done
Event: 0.405 loading class javax/crypto/KeyAgreement
Event: 0.406 loading class javax/crypto/KeyAgreement done
Event: 0.406 loading class java/security/KeyPairGenerator
Event: 0.406 loading class java/security/KeyPairGeneratorSpi
Event: 0.406 loading class java/security/KeyPairGeneratorSpi done
Event: 0.406 loading class java/security/KeyPairGenerator done
Event: 0.406 loading class sun/security/util/ECKeySizeParameterSpec
Event: 0.406 loading class sun/security/util/ECKeySizeParameterSpec done
Event: 0.406 loading class java/security/spec/ECGenParameterSpec
Event: 0.406 loading class java/security/spec/NamedParameterSpec
Event: 0.406 loading class java/security/spec/NamedParameterSpec done
Event: 0.406 loading class java/security/spec/ECGenParameterSpec done
Event: 0.406 loading class java/security/KeyPairGenerator$Delegate
Event: 0.406 loading class java/security/KeyPairGenerator$Delegate done
Event: 0.411 loading class sun/security/ssl/SSLContextImpl$CustomizedSSLProtocols
Event: 0.411 loading class sun/security/ssl/SSLContextImpl$CustomizedSSLProtocols done


Dynamic libraries:
0x00007ff6eba20000 - 0x00007ff6eba2e000 	C:\Users\dango\.p2\pool\plugins\org.eclipse.justj.openjdk.hotspot.jre.full.win32.x86_64_17.0.4.v20221004-1257\jre\bin\javaw.exe
0x00007ffd3c0e0000 - 0x00007ffd3c2e9000 	C:\WINDOWS\SYSTEM32\ntdll.dll
0x00007ffd3b420000 - 0x00007ffd3b4de000 	C:\WINDOWS\System32\KERNEL32.DLL
0x00007ffd39be0000 - 0x00007ffd39f5b000 	C:\WINDOWS\System32\KERNELBASE.dll
0x00007ffd397f0000 - 0x00007ffd39901000 	C:\WINDOWS\System32\ucrtbase.dll
0x00007ffd33d20000 - 0x00007ffd33d39000 	C:\Users\dango\.p2\pool\plugins\org.eclipse.justj.openjdk.hotspot.jre.full.win32.x86_64_17.0.4.v20221004-1257\jre\bin\VCRUNTIME140.dll
0x00007ffd338b0000 - 0x00007ffd338c8000 	C:\Users\dango\.p2\pool\plugins\org.eclipse.justj.openjdk.hotspot.jre.full.win32.x86_64_17.0.4.v20221004-1257\jre\bin\jli.dll
0x00007ffd3a120000 - 0x00007ffd3a2cd000 	C:\WINDOWS\System32\USER32.dll
0x00007ffd395b0000 - 0x00007ffd395d6000 	C:\WINDOWS\System32\win32u.dll
0x00007ffd3b250000 - 0x00007ffd3b279000 	C:\WINDOWS\System32\GDI32.dll
0x00007ffd28d90000 - 0x00007ffd29035000 	C:\WINDOWS\WinSxS\amd64_microsoft.windows.common-controls_6595b64144ccf1df_6.0.22000.120_none_9d947278b86cc467\COMCTL32.dll
0x00007ffd39a50000 - 0x00007ffd39b68000 	C:\WINDOWS\System32\gdi32full.dll
0x00007ffd3b280000 - 0x00007ffd3b323000 	C:\WINDOWS\System32\msvcrt.dll
0x00007ffd395e0000 - 0x00007ffd3967d000 	C:\WINDOWS\System32\msvcp_win.dll
0x00007ffd3ae30000 - 0x00007ffd3ae62000 	C:\WINDOWS\System32\IMM32.DLL
0x00007ffd36620000 - 0x00007ffd3662c000 	C:\Users\dango\.p2\pool\plugins\org.eclipse.justj.openjdk.hotspot.jre.full.win32.x86_64_17.0.4.v20221004-1257\jre\bin\vcruntime140_1.dll
0x00007ffcfb7f0000 - 0x00007ffcfb881000 	C:\Users\dango\.p2\pool\plugins\org.eclipse.justj.openjdk.hotspot.jre.full.win32.x86_64_17.0.4.v20221004-1257\jre\bin\msvcp140.dll
0x00007ffce7dc0000 - 0x00007ffce8a06000 	C:\Users\dango\.p2\pool\plugins\org.eclipse.justj.openjdk.hotspot.jre.full.win32.x86_64_17.0.4.v20221004-1257\jre\bin\server\jvm.dll
0x00007ffd3afd0000 - 0x00007ffd3b07e000 	C:\WINDOWS\System32\ADVAPI32.dll
0x00007ffd3b880000 - 0x00007ffd3b91e000 	C:\WINDOWS\System32\sechost.dll
0x00007ffd3a530000 - 0x00007ffd3a650000 	C:\WINDOWS\System32\RPCRT4.dll
0x00007ffd3a3a0000 - 0x00007ffd3a3a8000 	C:\WINDOWS\System32\PSAPI.DLL
0x00007ffd244c0000 - 0x00007ffd244c9000 	C:\WINDOWS\SYSTEM32\WSOCK32.dll
0x00007ffd2f950000 - 0x00007ffd2f983000 	C:\WINDOWS\SYSTEM32\WINMM.dll
0x00007ffd31de0000 - 0x00007ffd31dea000 	C:\WINDOWS\SYSTEM32\VERSION.dll
0x00007ffd3beb0000 - 0x00007ffd3bf1f000 	C:\WINDOWS\System32\WS2_32.dll
0x00007ffd38720000 - 0x00007ffd38738000 	C:\WINDOWS\SYSTEM32\kernel.appcore.dll
0x00007ffd35ea0000 - 0x00007ffd35eaa000 	C:\Users\dango\.p2\pool\plugins\org.eclipse.justj.openjdk.hotspot.jre.full.win32.x86_64_17.0.4.v20221004-1257\jre\bin\jimage.dll
0x00007ffd30fc0000 - 0x00007ffd311e1000 	C:\WINDOWS\SYSTEM32\DBGHELP.DLL
0x00007ffd23d60000 - 0x00007ffd23d91000 	C:\WINDOWS\SYSTEM32\dbgcore.DLL
0x00007ffd39910000 - 0x00007ffd3998f000 	C:\WINDOWS\System32\bcryptPrimitives.dll
0x00007ffd34580000 - 0x00007ffd345a5000 	C:\Users\dango\.p2\pool\plugins\org.eclipse.justj.openjdk.hotspot.jre.full.win32.x86_64_17.0.4.v20221004-1257\jre\bin\java.dll
0x00007ffd2b2a0000 - 0x00007ffd2b2b8000 	C:\Users\dango\.p2\pool\plugins\org.eclipse.justj.openjdk.hotspot.jre.full.win32.x86_64_17.0.4.v20221004-1257\jre\bin\zip.dll
0x00007ffd3a670000 - 0x00007ffd3ae27000 	C:\WINDOWS\System32\SHELL32.dll
0x00007ffd376b0000 - 0x00007ffd37f15000 	C:\WINDOWS\SYSTEM32\windows.storage.dll
0x00007ffd3b4e0000 - 0x00007ffd3b858000 	C:\WINDOWS\System32\combase.dll
0x00007ffd37540000 - 0x00007ffd376a6000 	C:\WINDOWS\SYSTEM32\wintypes.dll
0x00007ffd3bf20000 - 0x00007ffd3c00a000 	C:\WINDOWS\System32\SHCORE.dll
0x00007ffd3a4d0000 - 0x00007ffd3a52d000 	C:\WINDOWS\System32\shlwapi.dll
0x00007ffd394e0000 - 0x00007ffd39501000 	C:\WINDOWS\SYSTEM32\profapi.dll
0x00007ffd234e0000 - 0x00007ffd234f9000 	C:\Users\dango\.p2\pool\plugins\org.eclipse.justj.openjdk.hotspot.jre.full.win32.x86_64_17.0.4.v20221004-1257\jre\bin\net.dll
0x00007ffd33710000 - 0x00007ffd33824000 	C:\WINDOWS\SYSTEM32\WINHTTP.dll
0x00007ffd38bc0000 - 0x00007ffd38c27000 	C:\WINDOWS\system32\mswsock.dll
0x00007ffd20be0000 - 0x00007ffd20bf5000 	C:\Users\dango\.p2\pool\plugins\org.eclipse.justj.openjdk.hotspot.jre.full.win32.x86_64_17.0.4.v20221004-1257\jre\bin\nio.dll
0x00007ffd35e90000 - 0x00007ffd35ea0000 	C:\Users\dango\.p2\pool\plugins\org.eclipse.justj.openjdk.hotspot.jre.full.win32.x86_64_17.0.4.v20221004-1257\jre\bin\verify.dll
0x00007ffd35020000 - 0x00007ffd3502e000 	C:\Users\dango\.p2\pool\plugins\org.eclipse.justj.openjdk.hotspot.jre.full.win32.x86_64_17.0.4.v20221004-1257\jre\bin\sunmscapi.dll
0x00007ffd39680000 - 0x00007ffd397e2000 	C:\WINDOWS\System32\CRYPT32.dll
0x00007ffd38f60000 - 0x00007ffd38f88000 	C:\WINDOWS\SYSTEM32\ncrypt.dll
0x00007ffd38f20000 - 0x00007ffd38f57000 	C:\WINDOWS\SYSTEM32\NTASN1.dll
0x00007ffd38e00000 - 0x00007ffd38e18000 	C:\WINDOWS\SYSTEM32\CRYPTSP.dll
0x00007ffd38680000 - 0x00007ffd386b5000 	C:\WINDOWS\system32\rsaenh.dll
0x00007ffd38cb0000 - 0x00007ffd38cd9000 	C:\WINDOWS\SYSTEM32\USERENV.dll
0x00007ffd38f90000 - 0x00007ffd38fb7000 	C:\WINDOWS\SYSTEM32\bcrypt.dll
0x00007ffd38e20000 - 0x00007ffd38e2c000 	C:\WINDOWS\SYSTEM32\CRYPTBASE.dll
0x00007ffd381d0000 - 0x00007ffd381fd000 	C:\WINDOWS\SYSTEM32\IPHLPAPI.DLL
0x00007ffd3b080000 - 0x00007ffd3b089000 	C:\WINDOWS\System32\NSI.dll
0x00007ffd33890000 - 0x00007ffd338a9000 	C:\WINDOWS\SYSTEM32\dhcpcsvc6.DLL
0x00007ffd339d0000 - 0x00007ffd339ee000 	C:\WINDOWS\SYSTEM32\dhcpcsvc.DLL
0x00007ffd38200000 - 0x00007ffd382e8000 	C:\WINDOWS\SYSTEM32\DNSAPI.dll

dbghelp: loaded successfully - version: 4.0.5 - missing functions: none
symbol engine: initialized successfully - sym options: 0x614 - pdb path: .;C:\Users\dango\.p2\pool\plugins\org.eclipse.justj.openjdk.hotspot.jre.full.win32.x86_64_17.0.4.v20221004-1257\jre\bin;C:\WINDOWS\SYSTEM32;C:\WINDOWS\WinSxS\amd64_microsoft.windows.common-controls_6595b64144ccf1df_6.0.22000.120_none_9d947278b86cc467;C:\Users\dango\.p2\pool\plugins\org.eclipse.justj.openjdk.hotspot.jre.full.win32.x86_64_17.0.4.v20221004-1257\jre\bin\server

VM Arguments:
jvm_args: -Dfile.encoding=UTF-8 -XX:+ShowCodeDetailsInExceptionMessages 
java_command: rahulshettyacademy.SeleniumFrameworkDesign.SubmitOrderTest
java_class_path (initial): C:\Users\dango\eclipse-workspace\SeleniumFrameworkDesign\target\test-classes;C:\Users\dango\eclipse-workspace\SeleniumFrameworkDesign\target\classes;C:\Users\dango\.m2\repository\org\seleniumhq\selenium\selenium-java\4.7.2\selenium-java-4.7.2.jar;C:\Users\dango\.m2\repository\org\seleniumhq\selenium\selenium-api\4.7.2\selenium-api-4.7.2.jar;C:\Users\dango\.m2\repository\org\seleniumhq\selenium\selenium-chrome-driver\4.7.2\selenium-chrome-driver-4.7.2.jar;C:\Users\dango\.m2\repository\com\google\auto\service\auto-service-annotations\1.0.1\auto-service-annotations-1.0.1.jar;C:\Users\dango\.m2\repository\com\google\auto\service\auto-service\1.0.1\auto-service-1.0.1.jar;C:\Users\dango\.m2\repository\com\google\auto\auto-common\1.2\auto-common-1.2.jar;C:\Users\dango\.m2\repository\com\google\guava\guava\31.1-jre\guava-31.1-jre.jar;C:\Users\dango\.m2\repository\com\google\guava\failureaccess\1.0.1\failureaccess-1.0.1.jar;C:\Users\dango\.m2\repository\com\google\guava\listenablefuture\9999.0-empty-to-avoid-conflict-with-guava\listenablefuture-9999.0-empty-to-avoid-conflict-with-guava.jar;C:\Users\dango\.m2\repository\org\checkerframework\checker-qual\3.12.0\checker-qual-3.12.0.jar;C:\Users\dango\.m2\repository\com\google\errorprone\error_prone_annotations\2.11.0\error_prone_annotations-2.11.0.jar;C:\Users\dango\.m2\repository\com\google\j2objc\j2objc-annotations\1.3\j2objc-annotations-1.3.jar;C:\Users\dango\.m2\repository\org\seleniumhq\selenium\selenium-chromium-driver\4.7.2\selenium-chromium-driver-4.7.2.jar;C:\Users\dango\.m2\repository\org\seleniumhq\selenium\selenium-json\4.7.2\selenium-json-4.7.2.jar;C:\Users\dango\.m2\repository\org\seleniumhq\selenium\selenium-devtools-v106\4.7.2\selenium-devtools-v106-4.7.2.jar;C:\Users\dango\.m2\repository\org\seleniumhq\selenium\selenium-devtools-v107\4.7.2\selenium-devtools-v107-4.7.2.jar;C:\Users\dango\.m2\repository\org\seleniumhq\selenium\selenium-devtools-v108\4.7.2\selenium-devtools-v108-4.7.2.
Launcher Type: SUN_STANDARD

[Global flags]
     intx CICompilerCount                          = 12                                        {product} {ergonomic}
     uint ConcGCThreads                            = 3                                         {product} {ergonomic}
     uint G1ConcRefinementThreads                  = 13                                        {product} {ergonomic}
   size_t G1HeapRegionSize                         = 2097152                                   {product} {ergonomic}
    uintx GCDrainStackTargetSize                   = 64                                        {product} {ergonomic}
   size_t InitialHeapSize                          = 260046848                                 {product} {ergonomic}
   size_t MarkStackSize                            = 4194304                                   {product} {ergonomic}
   size_t MaxHeapSize                              = 4129292288                                {product} {ergonomic}
   size_t MaxNewSize                               = 2476736512                                {product} {ergonomic}
   size_t MinHeapDeltaBytes                        = 2097152                                   {product} {ergonomic}
   size_t MinHeapSize                              = 8388608                                   {product} {ergonomic}
    uintx NonNMethodCodeHeapSize                   = 7602480                                {pd product} {ergonomic}
    uintx NonProfiledCodeHeapSize                  = 122027880                              {pd product} {ergonomic}
    uintx ProfiledCodeHeapSize                     = 122027880                              {pd product} {ergonomic}
    uintx ReservedCodeCacheSize                    = 251658240                              {pd product} {ergonomic}
     bool SegmentedCodeCache                       = true                                      {product} {ergonomic}
     bool ShowCodeDetailsInExceptionMessages       = true                                   {manageable} {command line}
   size_t SoftMaxHeapSize                          = 4129292288                             {manageable} {ergonomic}
     bool UseCompressedClassPointers               = true                           {product lp64_product} {ergonomic}
     bool UseCompressedOops                        = true                           {product lp64_product} {ergonomic}
     bool UseG1GC                                  = true                                      {product} {ergonomic}
     bool UseLargePagesIndividualAllocation        = false                                  {pd product} {ergonomic}

Logging:
Log output configuration:
 #0: stdout all=warning uptime,level,tags
 #1: stderr all=off uptime,level,tags

Environment Variables:
PATH=C:/Users/dango/.p2/pool/plugins/org.eclipse.justj.openjdk.hotspot.jre.full.win32.x86_64_17.0.4.v20221004-1257/jre/bin/server;C:/Users/dango/.p2/pool/plugins/org.eclipse.justj.openjdk.hotspot.jre.full.win32.x86_64_17.0.4.v20221004-1257/jre/bin;C:\Program Files (x86)\Common Files\Oracle\Java\javapath;C:\Windows\system32;C:\Windows;C:\Windows\System32\Wbem;C:\Windows\System32\WindowsPowerShell\v1.0\;C:\Windows\System32\OpenSSH\;C:\Program Files (x86)\NVIDIA Corporation\PhysX\Common;C:\Program Files\NVIDIA Corporation\NVIDIA NvDLISR;C:\WINDOWS\system32;C:\WINDOWS;C:\WINDOWS\System32\Wbem;C:\WINDOWS\System32\WindowsPowerShell\v1.0\;C:\WINDOWS\System32\OpenSSH\;C:\Program Files (x86)\Java\jre1.8.0_351\bin;C:\Users\dango\AppData\Local\Microsoft\WindowsApps;;C:\WINDOWS\System32;
USERNAME=dango
OS=Windows_NT
PROCESSOR_IDENTIFIER=AMD64 Family 25 Model 80 Stepping 0, AuthenticAMD
TMP=C:\Users\dango\AppData\Local\Temp
TEMP=C:\Users\dango\AppData\Local\Temp



---------------  S Y S T E M  ---------------

OS:
 Windows 11 , 64 bit Build 22000 (10.0.22000.1335)
OS uptime: 7 days 2:13 hours

CPU: total 16 (initial active 16) (16 cores per cpu, 2 threads per core) family 25 model 80 stepping 0 microcode 0x0, cx8, cmov, fxsr, ht, mmx, 3dnowpref, sse, sse2, sse3, ssse3, sse4a, sse4.1, sse4.2, popcnt, lzcnt, tsc, tscinvbit, avx, avx2, aes, erms, clmul, bmi1, bmi2, adx, sha, fma, vzeroupper, clflush, clflushopt

Memory: 4k page, system-wide physical 15748M (108M free)
TotalPageFile size 43623M (AvailPageFile size 3M)
current process WorkingSet (physical memory assigned to process): 72M, peak: 72M
current process commit charge ("private bytes"): 358M, peak: 358M

vm_info: OpenJDK 64-Bit Server VM (17.0.4.1+1) for windows-amd64 JRE (17.0.4.1+1), built on Aug 17 2022 07:42:43 by "temurin" with MS VC++ 16.7 (VS2019)

END.
